<?xml version="1.0" encoding="UTF-8"?>
<TestRun id="4f304b64-b379-4513-b739-22745119f566" name="bro@JAN 2011-12-21 22:15:05" runUser="JAN\bro" xmlns="http://microsoft.com/schemas/VisualStudio/TeamTest/2010">
  <TestSettings name="Lokal" id="04846d08-49f5-4749-add3-78b8dd59235e">
    <Description>Dies sind die standardmäßigen Testeinstellungen für einen lokalen Testlauf.</Description>
    <Deployment enabled="false" runDeploymentRoot="bro_JAN 2011-12-21 22_15_05">
      <DeploymentItem filename="C:\Dokumente und Einstellungen\bro\Eigene Dateien\Visual Studio 2010\Projects\Instablitz\InstaBlitz\bin\Debug\InstaBlitz.exe" />
    </Deployment>
    <Execution>
      <TestTypeSpecific />
      <AgentRule name="Execution Agents">
      </AgentRule>
    </Execution>
  </TestSettings>
  <Times creation="2011-12-21T22:15:05.7619079+01:00" queuing="2011-12-21T22:15:07.5745655+01:00" start="2011-12-21T22:15:08.0935743+01:00" finish="2011-12-21T22:15:10.1231311+01:00" />
  <ResultSummary outcome="Completed">
    <Counters total="1" executed="1" passed="1" error="0" failed="0" timeout="0" aborted="0" inconclusive="0" passedButRunAborted="0" notRunnable="0" notExecuted="0" disconnected="0" warning="0" completed="0" inProgress="0" pending="0" />
  </ResultSummary>
  <TestDefinitions>
    <UnitTest name="DeleteTest" storage="c:\dokumente und einstellungen\bro\eigene dateien\visual studio 2010\projects\instablitz\testinstablitz\bin\debug\testinstablitz.dll" id="b3e512e4-c854-f87c-60a5-f7c5f0dca282">
      <Execution id="ecb34b93-0936-44f9-9815-39d5c26c1a8b" />
      <TestMethod codeBase="C:/Dokumente und Einstellungen/bro/Eigene Dateien/Visual Studio 2010/Projects/Instablitz/TestInstablitz/bin/Debug/TestInstablitz.DLL" adapterTypeName="Microsoft.VisualStudio.TestTools.TestTypes.Unit.UnitTestAdapter, Microsoft.VisualStudio.QualityTools.Tips.UnitTest.Adapter, Version=10.0.0.0, Culture=neutral, PublicKeyToken=b03f5f7f11d50a3a" className="TestInstablitz.ConfigTest, TestInstablitz, Version=1.0.0.0, Culture=neutral, PublicKeyToken=null" name="DeleteTest" />
    </UnitTest>
  </TestDefinitions>
  <TestLists>
    <TestList name="Nicht in einer Liste enthaltene Ergebnisse" id="8c84fa94-04c1-424b-9868-57a2d4851a1d" />
    <TestList name="Alle geladenen Ergebnisse" id="19431567-8539-422a-85d7-44ee4e166bda" />
  </TestLists>
  <TestEntries>
    <TestEntry testId="b3e512e4-c854-f87c-60a5-f7c5f0dca282" executionId="ecb34b93-0936-44f9-9815-39d5c26c1a8b" testListId="8c84fa94-04c1-424b-9868-57a2d4851a1d" />
  </TestEntries>
  <Results>
    <UnitTestResult executionId="ecb34b93-0936-44f9-9815-39d5c26c1a8b" testId="b3e512e4-c854-f87c-60a5-f7c5f0dca282" testName="DeleteTest" computerName="JAN" duration="00:00:00.0628037" startTime="2011-12-21T22:15:08.3337127+01:00" endTime="2011-12-21T22:15:09.3175055+01:00" testType="13cdc9d9-ddb5-4fa4-a97d-d965ccfc6d4b" outcome="Passed" testListId="8c84fa94-04c1-424b-9868-57a2d4851a1d" relativeResultsDirectory="ecb34b93-0936-44f9-9815-39d5c26c1a8b">
    </UnitTestResult>
  </Results>
</TestRun>