<?xml version="1.0" encoding="UTF-8"?>
<TestRun id="78baa5dd-8e08-4c0f-97ed-2fd235748b49" name="bro@JAN 2011-12-21 21:56:52" runUser="JAN\bro" xmlns="http://microsoft.com/schemas/VisualStudio/TeamTest/2010">
  <TestSettings name="Lokal" id="04846d08-49f5-4749-add3-78b8dd59235e">
    <Description>Dies sind die standardmäßigen Testeinstellungen für einen lokalen Testlauf.</Description>
    <Deployment enabled="false" runDeploymentRoot="bro_JAN 2011-12-21 21_56_52">
      <DeploymentItem filename="C:\Dokumente und Einstellungen\bro\Eigene Dateien\Visual Studio 2010\Projects\Instablitz\InstaBlitz\bin\Debug\InstaBlitz.exe" />
    </Deployment>
    <Execution>
      <TestTypeSpecific />
      <AgentRule name="Execution Agents">
      </AgentRule>
    </Execution>
  </TestSettings>
  <Times creation="2011-12-21T21:56:52.8198315+01:00" queuing="2011-12-21T21:57:03.4831700+01:00" start="2011-12-21T21:57:04.3243796+01:00" finish="2011-12-21T21:57:52.8541620+01:00" />
  <ResultSummary outcome="Error">
    <Counters total="1" executed="1" error="0" failed="0" timeout="0" aborted="1" inconclusive="0" passedButRunAborted="0" notRunnable="0" notExecuted="0" disconnected="0" warning="0" passed="0" completed="0" inProgress="0" pending="0" />
    <RunInfos>
      <RunInfo computerName="JAN" outcome="Error" timestamp="2011-12-21T21:57:52.6238308+01:00">
        <Text>Der Testhostprozess wurde unerwartet beendet.</Text>
      </RunInfo>
    </RunInfos>
  </ResultSummary>
  <TestDefinitions>
    <UnitTest name="WriteTest" storage="c:\dokumente und einstellungen\bro\eigene dateien\visual studio 2010\projects\instablitz\testinstablitz\bin\debug\testinstablitz.dll" id="4decc10a-20f3-8432-7d85-db2a73ba5e1a">
      <Execution id="274e66bd-0b2f-4800-bab9-596f60796d03" />
      <TestMethod codeBase="C:/Dokumente und Einstellungen/bro/Eigene Dateien/Visual Studio 2010/Projects/Instablitz/TestInstablitz/bin/Debug/TestInstablitz.DLL" adapterTypeName="Microsoft.VisualStudio.TestTools.TestTypes.Unit.UnitTestAdapter, Microsoft.VisualStudio.QualityTools.Tips.UnitTest.Adapter, Version=10.0.0.0, Culture=neutral, PublicKeyToken=b03f5f7f11d50a3a" className="TestInstablitz.ConfigTest, TestInstablitz, Version=1.0.0.0, Culture=neutral, PublicKeyToken=null" name="WriteTest" />
    </UnitTest>
  </TestDefinitions>
  <TestLists>
    <TestList name="Nicht in einer Liste enthaltene Ergebnisse" id="8c84fa94-04c1-424b-9868-57a2d4851a1d" />
    <TestList name="Alle geladenen Ergebnisse" id="19431567-8539-422a-85d7-44ee4e166bda" />
  </TestLists>
  <TestEntries>
    <TestEntry testId="4decc10a-20f3-8432-7d85-db2a73ba5e1a" executionId="274e66bd-0b2f-4800-bab9-596f60796d03" testListId="8c84fa94-04c1-424b-9868-57a2d4851a1d" />
  </TestEntries>
  <Results>
    <UnitTestResult executionId="274e66bd-0b2f-4800-bab9-596f60796d03" testId="4decc10a-20f3-8432-7d85-db2a73ba5e1a" testName="WriteTest" computerName="JAN" duration="00:00:48.1191920" startTime="2011-12-21T21:57:04.7349700+01:00" endTime="2011-12-21T21:57:52.8541620+01:00" testType="13cdc9d9-ddb5-4fa4-a97d-d965ccfc6d4b" outcome="Aborted" testListId="8c84fa94-04c1-424b-9868-57a2d4851a1d" relativeResultsDirectory="274e66bd-0b2f-4800-bab9-596f60796d03">
    </UnitTestResult>
  </Results>
</TestRun>